[0.010s] Invoking command in '/home/zoellickhan/Code/2024CV/testSerialDriver/twoNodeTest/build/serial_driver': CMAKE_PREFIX_PATH=${CMAKE_PREFIX_PATH}:/opt/ros/humble /usr/bin/cmake /home/zoellickhan/Code/2024CV/testSerialDriver/twoNodeTest/src/serial_driver -DCMAKE_INSTALL_PREFIX=/home/zoellickhan/Code/2024CV/testSerialDriver/twoNodeTest/install/serial_driver
[0.078s] -- The C compiler identification is GNU 11.4.0
[0.141s] -- The CXX compiler identification is GNU 11.4.0
[0.149s] -- Detecting C compiler ABI info
[0.223s] -- Detecting C compiler ABI info - done
[0.232s] -- Check for working C compiler: /usr/bin/cc - skipped
[0.233s] -- Detecting C compile features
[0.233s] -- Detecting C compile features - done
[0.237s] -- Detecting CXX compiler ABI info
[0.324s] -- Detecting CXX compiler ABI info - done
[0.332s] -- Check for working CXX compiler: /usr/bin/c++ - skipped
[0.332s] -- Detecting CXX compile features
[0.333s] -- Detecting CXX compile features - done
[0.335s] -- Found ament_cmake: 1.3.9 (/opt/ros/humble/share/ament_cmake/cmake)
[0.505s] -- Found Python3: /usr/bin/python3 (found version "3.10.12") found components: Interpreter 
[0.603s] -- Found rclcpp: 16.0.9 (/opt/ros/humble/share/rclcpp/cmake)
[0.648s] -- Found rosidl_generator_c: 3.1.5 (/opt/ros/humble/share/rosidl_generator_c/cmake)
[0.653s] -- Found rosidl_adapter: 3.1.5 (/opt/ros/humble/share/rosidl_adapter/cmake)
[0.662s] -- Found rosidl_generator_cpp: 3.1.5 (/opt/ros/humble/share/rosidl_generator_cpp/cmake)
[0.676s] -- Using all available rosidl_typesupport_c: rosidl_typesupport_fastrtps_c;rosidl_typesupport_introspection_c
[0.697s] -- Using all available rosidl_typesupport_cpp: rosidl_typesupport_fastrtps_cpp;rosidl_typesupport_introspection_cpp
[0.773s] -- Found rmw_implementation_cmake: 6.1.2 (/opt/ros/humble/share/rmw_implementation_cmake/cmake)
[0.776s] -- Found rmw_fastrtps_cpp: 6.2.6 (/opt/ros/humble/share/rmw_fastrtps_cpp/cmake)
[0.878s] -- Found OpenSSL: /usr/lib/x86_64-linux-gnu/libcrypto.so (found version "3.0.2")  
[0.908s] -- Found FastRTPS: /opt/ros/humble/include  
[0.963s] -- Using RMW implementation 'rmw_fastrtps_cpp' as default
[0.972s] -- Looking for pthread.h
[1.049s] -- Looking for pthread.h - found
[1.050s] -- Performing Test CMAKE_HAVE_LIBC_PTHREAD
[1.128s] -- Performing Test CMAKE_HAVE_LIBC_PTHREAD - Success
[1.130s] -- Found Threads: TRUE  
[1.313s] -- Found ament_lint_auto: 0.12.11 (/opt/ros/humble/share/ament_lint_auto/cmake)
[1.397s] -- Added test 'cppcheck' to perform static code analysis on C / C++ code
[1.397s] -- Configured cppcheck include dirs: 
[1.397s] -- Configured cppcheck exclude dirs and/or files: 
[1.398s] -- Added test 'lint_cmake' to check CMake code style
[1.399s] -- Added test 'uncrustify' to check C / C++ code style
[1.399s] -- Configured uncrustify additional arguments: 
[1.400s] -- Added test 'xmllint' to check XML markup files
[1.401s] -- Configuring done
[1.410s] -- Generating done
[1.411s] -- Build files have been written to: /home/zoellickhan/Code/2024CV/testSerialDriver/twoNodeTest/build/serial_driver
[1.421s] Invoked command in '/home/zoellickhan/Code/2024CV/testSerialDriver/twoNodeTest/build/serial_driver' returned '0': CMAKE_PREFIX_PATH=${CMAKE_PREFIX_PATH}:/opt/ros/humble /usr/bin/cmake /home/zoellickhan/Code/2024CV/testSerialDriver/twoNodeTest/src/serial_driver -DCMAKE_INSTALL_PREFIX=/home/zoellickhan/Code/2024CV/testSerialDriver/twoNodeTest/install/serial_driver
[1.423s] Invoking command in '/home/zoellickhan/Code/2024CV/testSerialDriver/twoNodeTest/build/serial_driver': CMAKE_PREFIX_PATH=${CMAKE_PREFIX_PATH}:/opt/ros/humble /usr/bin/cmake --build /home/zoellickhan/Code/2024CV/testSerialDriver/twoNodeTest/build/serial_driver -- -j20 -l20
[1.480s] [ 25%] [32mBuilding CXX object CMakeFiles/serial_driver.dir/src/ReadNode.cpp.o[0m
[1.480s] [ 50%] [32mBuilding CXX object CMakeFiles/serial_driver.dir/src/serialDriver.cpp.o[0m
[1.481s] [ 75%] [32mBuilding CXX object CMakeFiles/serial_driver.dir/src/crc.cpp.o[0m
[1.491s] [01m[K/home/zoellickhan/Code/2024CV/testSerialDriver/twoNodeTest/src/serial_driver/src/serialDriver.cpp:1:10:[m[K [01;31m[Kfatal error: [m[KserialDriver.hpp: No such file or directory
[1.491s]     1 | #include [01;31m[K"serialDriver.hpp"[m[K
[1.491s]       |          [01;31m[K^~~~~~~~~~~~~~~~~~[m[K
[1.491s] compilation terminated.
[1.492s] [01m[K/home/zoellickhan/Code/2024CV/testSerialDriver/twoNodeTest/src/serial_driver/src/crc.cpp:4:10:[m[K [01;31m[Kfatal error: [m[Kcrc.hpp: No such file or directory
[1.492s]     4 | #include [01;31m[K"crc.hpp"[m[K
[1.492s]       |          [01;31m[K^~~~~~~~~[m[K
[1.492s] compilation terminated.
[1.492s] gmake[2]: *** [CMakeFiles/serial_driver.dir/build.make:104: CMakeFiles/serial_driver.dir/src/crc.cpp.o] Error 1
[1.492s] gmake[2]: *** Waiting for unfinished jobs....
[1.493s] gmake[2]: *** [CMakeFiles/serial_driver.dir/build.make:90: CMakeFiles/serial_driver.dir/src/serialDriver.cpp.o] Error 1
[1.690s] [01m[K/home/zoellickhan/Code/2024CV/testSerialDriver/twoNodeTest/src/serial_driver/src/ReadNode.cpp:2:10:[m[K [01;31m[Kfatal error: [m[Kprotocol.hpp: No such file or directory
[1.690s]     2 | #include [01;31m[K"protocol.hpp"[m[K
[1.690s]       |          [01;31m[K^~~~~~~~~~~~~~[m[K
[1.690s] compilation terminated.
[1.692s] gmake[2]: *** [CMakeFiles/serial_driver.dir/build.make:76: CMakeFiles/serial_driver.dir/src/ReadNode.cpp.o] Error 1
[1.692s] gmake[1]: *** [CMakeFiles/Makefile2:137: CMakeFiles/serial_driver.dir/all] Error 2
[1.693s] gmake: *** [Makefile:146: all] Error 2
[1.696s] Invoked command in '/home/zoellickhan/Code/2024CV/testSerialDriver/twoNodeTest/build/serial_driver' returned '2': CMAKE_PREFIX_PATH=${CMAKE_PREFIX_PATH}:/opt/ros/humble /usr/bin/cmake --build /home/zoellickhan/Code/2024CV/testSerialDriver/twoNodeTest/build/serial_driver -- -j20 -l20
