[0.013s] Invoking command in '/home/zoellickhan/Code/2024CV/testSerialDriver/twoNodeTest/build/serial_driver': CMAKE_PREFIX_PATH=${CMAKE_PREFIX_PATH}:/opt/ros/humble /usr/bin/cmake --build /home/zoellickhan/Code/2024CV/testSerialDriver/twoNodeTest/build/serial_driver -- -j20 -l20
[0.094s] [ 25%] [32mBuilding CXX object CMakeFiles/serial_driver.dir/src/ReadNode.cpp.o[0m
[0.094s] [ 50%] [32mBuilding CXX object CMakeFiles/serial_driver.dir/src/serialDriver.cpp.o[0m
[0.097s] [ 75%] [32mBuilding CXX object CMakeFiles/serial_driver.dir/src/crc.cpp.o[0m
[0.109s] [01m[K/home/zoellickhan/Code/2024CV/testSerialDriver/twoNodeTest/src/serial_driver/src/serialDriver.cpp:1:10:[m[K [01;31m[Kfatal error: [m[KserialDriver.hpp: No such file or directory
[0.109s]     1 | #include [01;31m[K"serialDriver.hpp"[m[K
[0.109s]       |          [01;31m[K^~~~~~~~~~~~~~~~~~[m[K
[0.109s] compilation terminated.
[0.110s] gmake[2]: *** [CMakeFiles/serial_driver.dir/build.make:90: CMakeFiles/serial_driver.dir/src/serialDriver.cpp.o] Error 1
[0.111s] gmake[2]: *** Waiting for unfinished jobs....
[0.112s] [01m[K/home/zoellickhan/Code/2024CV/testSerialDriver/twoNodeTest/src/serial_driver/src/crc.cpp:4:10:[m[K [01;31m[Kfatal error: [m[Kcrc.hpp: No such file or directory
[0.112s]     4 | #include [01;31m[K"crc.hpp"[m[K
[0.113s]       |          [01;31m[K^~~~~~~~~[m[K
[0.113s] compilation terminated.
[0.113s] gmake[2]: *** [CMakeFiles/serial_driver.dir/build.make:104: CMakeFiles/serial_driver.dir/src/crc.cpp.o] Error 1
[0.322s] [01m[K/home/zoellickhan/Code/2024CV/testSerialDriver/twoNodeTest/src/serial_driver/src/ReadNode.cpp:2:10:[m[K [01;31m[Kfatal error: [m[Kprotocol.hpp: No such file or directory
[0.322s]     2 | #include [01;31m[K"protocol.hpp"[m[K
[0.322s]       |          [01;31m[K^~~~~~~~~~~~~~[m[K
[0.322s] compilation terminated.
[0.334s] gmake[2]: *** [CMakeFiles/serial_driver.dir/build.make:76: CMakeFiles/serial_driver.dir/src/ReadNode.cpp.o] Error 1
[0.334s] gmake[1]: *** [CMakeFiles/Makefile2:137: CMakeFiles/serial_driver.dir/all] Error 2
[0.335s] gmake: *** [Makefile:146: all] Error 2
[0.338s] Invoked command in '/home/zoellickhan/Code/2024CV/testSerialDriver/twoNodeTest/build/serial_driver' returned '2': CMAKE_PREFIX_PATH=${CMAKE_PREFIX_PATH}:/opt/ros/humble /usr/bin/cmake --build /home/zoellickhan/Code/2024CV/testSerialDriver/twoNodeTest/build/serial_driver -- -j20 -l20
